c:\users\пользователь\documents\visual studio 2015\fatonschemeeditor\klanvocabularyextractor\debug\vc141.pdb
c:\users\пользователь\documents\visual studio 2015\fatonschemeeditor\klanvocabularyextractor\debug\.netframework,version=v4.5.2.assemblyattributes.obj
c:\users\пользователь\documents\visual studio 2015\fatonschemeeditor\klanvocabularyextractor\debug\.netframework,version=v4.5.2.assemblyattributes.asm
c:\users\пользователь\documents\visual studio 2015\fatonschemeeditor\klanvocabularyextractor\debug\klanvocabularyextractor.pch
c:\users\пользователь\documents\visual studio 2015\fatonschemeeditor\klanvocabularyextractor\debug\stdafx.obj
c:\users\пользователь\documents\visual studio 2015\fatonschemeeditor\klanvocabularyextractor\debug\klanvocabularyextractor.obj
c:\users\пользователь\documents\visual studio 2015\fatonschemeeditor\klanvocabularyextractor\debug\assemblyinfo.obj
c:\users\пользователь\documents\visual studio 2015\fatonschemeeditor\debug\klanvocabularyextractor.dll
c:\users\пользователь\documents\visual studio 2015\fatonschemeeditor\debug\klanvocabularyextractor.pdb
c:\users\пользователь\documents\visual studio 2015\fatonschemeeditor\klanvocabularyextractor\debug\app.res
c:\users\пользователь\documents\visual studio 2015\fatonschemeeditor\klanvocabularyextractor\debug\klanvocabularyextractor.vcxprojresolveassemblyreference.cache
c:\users\пользователь\documents\visual studio 2015\fatonschemeeditor\klanvocabularyextractor\debug\klanvoca.96f3c74e.tlog\cl.command.1.tlog
c:\users\пользователь\documents\visual studio 2015\fatonschemeeditor\klanvocabularyextractor\debug\klanvoca.96f3c74e.tlog\cl.read.1.tlog
c:\users\пользователь\documents\visual studio 2015\fatonschemeeditor\klanvocabularyextractor\debug\klanvoca.96f3c74e.tlog\cl.write.1.tlog
c:\users\пользователь\documents\visual studio 2015\fatonschemeeditor\klanvocabularyextractor\debug\klanvoca.96f3c74e.tlog\link.command.1.tlog
c:\users\пользователь\documents\visual studio 2015\fatonschemeeditor\klanvocabularyextractor\debug\klanvoca.96f3c74e.tlog\link.read.1.tlog
c:\users\пользователь\documents\visual studio 2015\fatonschemeeditor\klanvocabularyextractor\debug\klanvoca.96f3c74e.tlog\link.write.1.tlog
c:\users\пользователь\documents\visual studio 2015\fatonschemeeditor\klanvocabularyextractor\debug\klanvoca.96f3c74e.tlog\metagen.read.1.tlog
c:\users\пользователь\documents\visual studio 2015\fatonschemeeditor\klanvocabularyextractor\debug\klanvoca.96f3c74e.tlog\metagen.write.1.tlog
c:\users\пользователь\documents\visual studio 2015\fatonschemeeditor\klanvocabularyextractor\debug\klanvoca.96f3c74e.tlog\rc.command.1.tlog
c:\users\пользователь\documents\visual studio 2015\fatonschemeeditor\klanvocabularyextractor\debug\klanvoca.96f3c74e.tlog\rc.read.1.tlog
c:\users\пользователь\documents\visual studio 2015\fatonschemeeditor\klanvocabularyextractor\debug\klanvoca.96f3c74e.tlog\rc.write.1.tlog
c:\users\пользователь\documents\visual studio 2015\fatonschemeeditor\klanvocabularyextractor\debug\klanvoca.96f3c74e.tlog\tzres.dll.bi
